<?xml version="1.0" encoding="UTF-8"?>
<testng-results ignored="0" total="1" passed="0" failed="1" skipped="0">
  <reporter-output>
  </reporter-output>
  <suite started-at="2024-09-16T00:19:56 JST" name="Suite" finished-at="2024-09-16T00:20:32 JST" duration-ms="36172">
    <groups>
      <group name="Sanity">
        <method signature="TC_003_E2ETest.verifyE2Etesting()[pri:1, instance:testCases.TC_003_E2ETest@18cebaa5]" name="verifyE2Etesting" class="testCases.TC_003_E2ETest"/>
        <method signature="TC_003_E2ETest.verifyE2Etesting()[pri:1, instance:testCases.TC_003_E2ETest@78fbff54]" name="verifyE2Etesting" class="testCases.TC_003_E2ETest"/>
        <method signature="TC_003_E2ETest.verifyE2Etesting()[pri:1, instance:testCases.TC_003_E2ETest@7e22550a]" name="verifyE2Etesting" class="testCases.TC_003_E2ETest"/>
      </group> <!-- Sanity -->
      <group name="Regression">
        <method signature="TC_003_E2ETest.verifyE2Etesting()[pri:1, instance:testCases.TC_003_E2ETest@18cebaa5]" name="verifyE2Etesting" class="testCases.TC_003_E2ETest"/>
        <method signature="TC_003_E2ETest.verifyE2Etesting()[pri:1, instance:testCases.TC_003_E2ETest@78fbff54]" name="verifyE2Etesting" class="testCases.TC_003_E2ETest"/>
        <method signature="TC_003_E2ETest.verifyE2Etesting()[pri:1, instance:testCases.TC_003_E2ETest@7e22550a]" name="verifyE2Etesting" class="testCases.TC_003_E2ETest"/>
      </group> <!-- Regression -->
      <group name="E2E">
        <method signature="TC_003_E2ETest.verifyE2Etesting()[pri:1, instance:testCases.TC_003_E2ETest@18cebaa5]" name="verifyE2Etesting" class="testCases.TC_003_E2ETest"/>
        <method signature="TC_003_E2ETest.verifyE2Etesting()[pri:1, instance:testCases.TC_003_E2ETest@78fbff54]" name="verifyE2Etesting" class="testCases.TC_003_E2ETest"/>
        <method signature="TC_003_E2ETest.verifyE2Etesting()[pri:1, instance:testCases.TC_003_E2ETest@7e22550a]" name="verifyE2Etesting" class="testCases.TC_003_E2ETest"/>
      </group> <!-- E2E -->
      <group name="master">
        <method signature="TC_003_E2ETest.verifyE2Etesting()[pri:1, instance:testCases.TC_003_E2ETest@18cebaa5]" name="verifyE2Etesting" class="testCases.TC_003_E2ETest"/>
        <method signature="TC_003_E2ETest.verifyE2Etesting()[pri:1, instance:testCases.TC_003_E2ETest@78fbff54]" name="verifyE2Etesting" class="testCases.TC_003_E2ETest"/>
        <method signature="TC_003_E2ETest.verifyE2Etesting()[pri:1, instance:testCases.TC_003_E2ETest@7e22550a]" name="verifyE2Etesting" class="testCases.TC_003_E2ETest"/>
      </group> <!-- master -->
    </groups>
    <test started-at="2024-09-16T00:19:56 JST" name="ChromeTest" finished-at="2024-09-16T00:20:32 JST" duration-ms="36172">
      <class name="testCases.TC_003_E2ETest">
        <test-method is-config="true" signature="setup(java.lang.String,java.lang.String)[pri:0, instance:testCases.TC_003_E2ETest@18cebaa5]" started-at="2024-09-16T00:19:57 JST" name="setup" finished-at="2024-09-16T00:20:03 JST" duration-ms="6420" status="PASS">
          <params>
            <param index="0">
              <value>
                <![CDATA[Windows]]>
              </value>
            </param>
            <param index="1">
              <value>
                <![CDATA[chrome]]>
              </value>
            </param>
          </params>
          <reporter-output>
          </reporter-output>
        </test-method> <!-- setup -->
        <test-method signature="verifyE2Etesting()[pri:1, instance:testCases.TC_003_E2ETest@18cebaa5]" started-at="2024-09-16T00:20:03 JST" name="verifyE2Etesting" finished-at="2024-09-16T00:20:15 JST" duration-ms="11755" status="FAIL">
          <exception class="java.lang.AssertionError">
            <message>
              <![CDATA[null]]>
            </message>
            <full-stacktrace>
              <![CDATA[java.lang.AssertionError: null
at org.testng.Assert.fail(Assert.java:111)
at org.testng.Assert.fail(Assert.java:116)
at testCases.TC_003_E2ETest.verifyE2Etesting(TC_003_E2ETest.java:108)
at java.base/jdk.internal.reflect.DirectMethodHandleAccessor.invoke(DirectMethodHandleAccessor.java:103)
at java.base/java.lang.reflect.Method.invoke(Method.java:580)
at org.testng.internal.invokers.MethodInvocationHelper.invokeMethod(MethodInvocationHelper.java:141)
at org.testng.internal.invokers.TestInvoker.invokeMethod(TestInvoker.java:686)
at org.testng.internal.invokers.TestInvoker.invokeTestMethod(TestInvoker.java:230)
at org.testng.internal.invokers.MethodRunner.runInSequence(MethodRunner.java:63)
at org.testng.internal.invokers.TestInvoker$MethodInvocationAgent.invoke(TestInvoker.java:992)
at org.testng.internal.invokers.TestInvoker.invokeTestMethods(TestInvoker.java:203)
at org.testng.internal.invokers.TestMethodWorker.invokeTestMethods(TestMethodWorker.java:154)
at org.testng.internal.invokers.TestMethodWorker.run(TestMethodWorker.java:134)
at java.base/java.util.ArrayList.forEach(ArrayList.java:1596)
at org.testng.TestRunner.privateRun(TestRunner.java:739)
at org.testng.TestRunner.run(TestRunner.java:614)
at org.testng.SuiteRunner.runTest(SuiteRunner.java:421)
at org.testng.SuiteRunner$SuiteWorker.run(SuiteRunner.java:463)
at org.testng.internal.thread.ThreadUtil.lambda$execute$0(ThreadUtil.java:64)
at java.base/java.util.concurrent.FutureTask.run(FutureTask.java:317)
at java.base/java.util.concurrent.ThreadPoolExecutor.runWorker(ThreadPoolExecutor.java:1144)
at java.base/java.util.concurrent.ThreadPoolExecutor$Worker.run(ThreadPoolExecutor.java:642)
at java.base/java.lang.Thread.run(Thread.java:1583)
]]>
            </full-stacktrace>
          </exception> <!-- java.lang.AssertionError -->
          <reporter-output>
          </reporter-output>
        </test-method> <!-- verifyE2Etesting -->
        <test-method is-config="true" signature="tearDown()[pri:0, instance:testCases.TC_003_E2ETest@18cebaa5]" started-at="2024-09-16T00:20:21 JST" name="tearDown" finished-at="2024-09-16T00:20:32 JST" duration-ms="11138" status="PASS">
          <reporter-output>
          </reporter-output>
        </test-method> <!-- tearDown -->
      </class> <!-- testCases.TC_003_E2ETest -->
    </test> <!-- ChromeTest -->
  </suite> <!-- Suite -->
</testng-results>
